{"/Users/mypitit/Desktop/FAC7/wordpanda/backend.js":{"path":"/Users/mypitit/Desktop/FAC7/wordpanda/backend.js","s":{"1":1,"2":1,"3":1,"4":1,"5":0,"6":0,"7":0,"8":1,"9":0,"10":0,"11":0,"12":0,"13":0,"14":0,"15":0,"16":0,"17":0,"18":0,"19":1},"b":{"1":[0,0],"2":[0,0],"3":[0,0],"4":[0,0]},"f":{"1":0,"2":0},"fnMap":{"1":{"name":"auto","line":7,"loc":{"start":{"line":7,"column":1},"end":{"line":7,"column":26}}},"2":{"name":"(anonymous_2)","line":14,"loc":{"start":{"line":14,"column":14},"end":{"line":14,"column":29}}}},"statementMap":{"1":{"start":{"line":1,"column":0},"end":{"line":1,"column":23}},"2":{"start":{"line":2,"column":0},"end":{"line":2,"column":12}},"3":{"start":{"line":5,"column":0},"end":{"line":5,"column":61}},"4":{"start":{"line":7,"column":1},"end":{"line":12,"column":1}},"5":{"start":{"line":8,"column":2},"end":{"line":10,"column":3}},"6":{"start":{"line":9,"column":4},"end":{"line":9,"column":61}},"7":{"start":{"line":11,"column":4},"end":{"line":11,"column":35}},"8":{"start":{"line":14,"column":0},"end":{"line":29,"column":2}},"9":{"start":{"line":16,"column":2},"end":{"line":16,"column":17}},"10":{"start":{"line":17,"column":2},"end":{"line":17,"column":27}},"11":{"start":{"line":18,"column":2},"end":{"line":18,"column":40}},"12":{"start":{"line":19,"column":2},"end":{"line":26,"column":3}},"13":{"start":{"line":20,"column":4},"end":{"line":25,"column":5}},"14":{"start":{"line":21,"column":6},"end":{"line":21,"column":27}},"15":{"start":{"line":22,"column":6},"end":{"line":24,"column":7}},"16":{"start":{"line":23,"column":8},"end":{"line":23,"column":14}},"17":{"start":{"line":27,"column":2},"end":{"line":27,"column":21}},"18":{"start":{"line":28,"column":2},"end":{"line":28,"column":15}},"19":{"start":{"line":35,"column":0},"end":{"line":35,"column":21}}},"branchMap":{"1":{"line":8,"type":"if","locations":[{"start":{"line":8,"column":2},"end":{"line":8,"column":2}},{"start":{"line":8,"column":2},"end":{"line":8,"column":2}}]},"2":{"line":8,"type":"binary-expr","locations":[{"start":{"line":8,"column":6},"end":{"line":8,"column":15}},{"start":{"line":8,"column":19},"end":{"line":8,"column":49}}]},"3":{"line":20,"type":"if","locations":[{"start":{"line":20,"column":4},"end":{"line":20,"column":4}},{"start":{"line":20,"column":4},"end":{"line":20,"column":4}}]},"4":{"line":22,"type":"if","locations":[{"start":{"line":22,"column":6},"end":{"line":22,"column":6}},{"start":{"line":22,"column":6},"end":{"line":22,"column":6}}]}}},"/Users/mypitit/Desktop/FAC7/wordpanda/server.js":{"path":"/Users/mypitit/Desktop/FAC7/wordpanda/server.js","s":{"1":1,"2":1,"3":1,"4":1,"5":0,"6":0,"7":0,"8":0},"b":{"1":[1,1]},"f":{},"fnMap":{},"statementMap":{"1":{"start":{"line":2,"column":0},"end":{"line":2,"column":27}},"2":{"start":{"line":3,"column":0},"end":{"line":3,"column":36}},"3":{"start":{"line":4,"column":0},"end":{"line":4,"column":23}},"4":{"start":{"line":5,"column":0},"end":{"line":5,"column":38}},"5":{"start":{"line":6,"column":0},"end":{"line":6,"column":33}},"6":{"start":{"line":7,"column":0},"end":{"line":7,"column":55}},"7":{"start":{"line":9,"column":0},"end":{"line":9,"column":40}},"8":{"start":{"line":11,"column":0},"end":{"line":11,"column":70}}},"branchMap":{"1":{"line":3,"type":"binary-expr","locations":[{"start":{"line":3,"column":11},"end":{"line":3,"column":27}},{"start":{"line":3,"column":31},"end":{"line":3,"column":35}}]}}},"/Users/mypitit/Desktop/FAC7/wordpanda/handler.js":{"path":"/Users/mypitit/Desktop/FAC7/wordpanda/handler.js","s":{"1":1,"2":1,"3":1,"4":1,"5":1,"6":1,"7":1,"8":0,"9":0,"10":0,"11":0,"12":0,"13":0,"14":0,"15":0,"16":0,"17":0,"18":0,"19":0,"20":0,"21":0,"22":0,"23":0,"24":0,"25":0,"26":0,"27":0,"28":0,"29":0,"30":0,"31":0,"32":0,"33":0},"b":{"1":[0,0],"2":[0,0],"3":[0,0],"4":[0,0],"5":[0,0]},"f":{"1":0,"2":0,"3":0},"fnMap":{"1":{"name":"handler","line":18,"loc":{"start":{"line":18,"column":0},"end":{"line":18,"column":27}}},"2":{"name":"(anonymous_2)","line":40,"loc":{"start":{"line":40,"column":37},"end":{"line":40,"column":58}}},"3":{"name":"(anonymous_3)","line":55,"loc":{"start":{"line":55,"column":54},"end":{"line":55,"column":75}}}},"statementMap":{"1":{"start":{"line":1,"column":0},"end":{"line":1,"column":27}},"2":{"start":{"line":2,"column":0},"end":{"line":2,"column":23}},"3":{"start":{"line":3,"column":0},"end":{"line":3,"column":33}},"4":{"start":{"line":4,"column":0},"end":{"line":4,"column":55}},"5":{"start":{"line":5,"column":0},"end":{"line":5,"column":40}},"6":{"start":{"line":6,"column":0},"end":{"line":6,"column":40}},"7":{"start":{"line":18,"column":0},"end":{"line":66,"column":1}},"8":{"start":{"line":19,"column":1},"end":{"line":19,"column":19}},"9":{"start":{"line":20,"column":1},"end":{"line":20,"column":34}},"10":{"start":{"line":21,"column":1},"end":{"line":65,"column":2}},"11":{"start":{"line":22,"column":2},"end":{"line":22,"column":52}},"12":{"start":{"line":26,"column":2},"end":{"line":26,"column":28}},"13":{"start":{"line":29,"column":6},"end":{"line":65,"column":2}},"14":{"start":{"line":30,"column":2},"end":{"line":30,"column":47}},"15":{"start":{"line":31,"column":2},"end":{"line":33,"column":7}},"16":{"start":{"line":34,"column":4},"end":{"line":34,"column":48}},"17":{"start":{"line":35,"column":2},"end":{"line":35,"column":37}},"18":{"start":{"line":38,"column":6},"end":{"line":65,"column":2}},"19":{"start":{"line":39,"column":2},"end":{"line":39,"column":53}},"20":{"start":{"line":40,"column":2},"end":{"line":45,"column":5}},"21":{"start":{"line":41,"column":3},"end":{"line":43,"column":6}},"22":{"start":{"line":44,"column":3},"end":{"line":44,"column":23}},"23":{"start":{"line":49,"column":7},"end":{"line":65,"column":2}},"24":{"start":{"line":51,"column":6},"end":{"line":51,"column":60}},"25":{"start":{"line":52,"column":6},"end":{"line":52,"column":16}},"26":{"start":{"line":55,"column":2},"end":{"line":64,"column":5}},"27":{"start":{"line":56,"column":5},"end":{"line":63,"column":6}},"28":{"start":{"line":57,"column":4},"end":{"line":57,"column":51}},"29":{"start":{"line":58,"column":7},"end":{"line":58,"column":29}},"30":{"start":{"line":60,"column":7},"end":{"line":60,"column":35}},"31":{"start":{"line":61,"column":7},"end":{"line":61,"column":60}},"32":{"start":{"line":62,"column":7},"end":{"line":62,"column":21}},"33":{"start":{"line":69,"column":0},"end":{"line":69,"column":25}}},"branchMap":{"1":{"line":21,"type":"if","locations":[{"start":{"line":21,"column":1},"end":{"line":21,"column":1}},{"start":{"line":21,"column":1},"end":{"line":21,"column":1}}]},"2":{"line":29,"type":"if","locations":[{"start":{"line":29,"column":6},"end":{"line":29,"column":6}},{"start":{"line":29,"column":6},"end":{"line":29,"column":6}}]},"3":{"line":38,"type":"if","locations":[{"start":{"line":38,"column":6},"end":{"line":38,"column":6}},{"start":{"line":38,"column":6},"end":{"line":38,"column":6}}]},"4":{"line":49,"type":"if","locations":[{"start":{"line":49,"column":7},"end":{"line":49,"column":7}},{"start":{"line":49,"column":7},"end":{"line":49,"column":7}}]},"5":{"line":56,"type":"if","locations":[{"start":{"line":56,"column":5},"end":{"line":56,"column":5}},{"start":{"line":56,"column":5},"end":{"line":56,"column":5}}]}}},"/Users/mypitit/Desktop/FAC7/wordpanda/definition.js":{"path":"/Users/mypitit/Desktop/FAC7/wordpanda/definition.js","s":{"1":1,"2":1,"3":1,"4":1,"5":0,"6":0,"7":0,"8":0,"9":0,"10":0,"11":0,"12":0,"13":0},"b":{"1":[0,0],"2":[0,0]},"f":{"1":0,"2":0},"fnMap":{"1":{"name":"defineWord","line":5,"loc":{"start":{"line":5,"column":0},"end":{"line":5,"column":47}}},"2":{"name":"(anonymous_2)","line":9,"loc":{"start":{"line":9,"column":15},"end":{"line":9,"column":47}}}},"statementMap":{"1":{"start":{"line":1,"column":0},"end":{"line":1,"column":32}},"2":{"start":{"line":2,"column":0},"end":{"line":2,"column":34}},"3":{"start":{"line":3,"column":0},"end":{"line":3,"column":33}},"4":{"start":{"line":5,"column":0},"end":{"line":16,"column":1}},"5":{"start":{"line":6,"column":2},"end":{"line":6,"column":46}},"6":{"start":{"line":7,"column":2},"end":{"line":7,"column":175}},"7":{"start":{"line":8,"column":2},"end":{"line":8,"column":19}},"8":{"start":{"line":9,"column":2},"end":{"line":15,"column":5}},"9":{"start":{"line":10,"column":4},"end":{"line":14,"column":5}},"10":{"start":{"line":11,"column":6},"end":{"line":11,"column":48}},"11":{"start":{"line":12,"column":6},"end":{"line":12,"column":62}},"12":{"start":{"line":13,"column":6},"end":{"line":13,"column":34}},"13":{"start":{"line":18,"column":0},"end":{"line":20,"column":2}}},"branchMap":{"1":{"line":10,"type":"if","locations":[{"start":{"line":10,"column":4},"end":{"line":10,"column":4}},{"start":{"line":10,"column":4},"end":{"line":10,"column":4}}]},"2":{"line":10,"type":"binary-expr","locations":[{"start":{"line":10,"column":8},"end":{"line":10,"column":14}},{"start":{"line":10,"column":18},"end":{"line":10,"column":44}}]}}}}