TN:
SF:/Users/mypitit/Desktop/FAC7/wordpanda/backend.js
FN:7,auto
FN:14,(anonymous_2)
FNF:2
FNH:0
FNDA:0,auto
FNDA:0,(anonymous_2)
DA:1,1
DA:2,1
DA:5,1
DA:7,1
DA:8,0
DA:9,0
DA:11,0
DA:14,1
DA:16,0
DA:17,0
DA:18,0
DA:19,0
DA:20,0
DA:21,0
DA:25,0
DA:26,0
DA:30,1
LF:17
LH:6
BRDA:8,1,0,0
BRDA:8,1,1,0
BRDA:8,2,0,0
BRDA:8,2,1,0
BRDA:18,3,0,0
BRDA:18,3,1,0
BRDA:20,4,0,0
BRDA:20,4,1,0
BRF:8
BRH:0
end_of_record
TN:
SF:/Users/mypitit/Desktop/FAC7/wordpanda/server.js
FN:11,handler
FN:15,(anonymous_2)
FN:19,(anonymous_3)
FNF:3
FNH:0
FNDA:0,handler
FNDA:0,(anonymous_2)
FNDA:0,(anonymous_3)
DA:3,1
DA:4,1
DA:5,1
DA:6,1
DA:7,1
DA:8,1
DA:11,1
DA:12,0
DA:13,0
DA:14,0
DA:15,0
DA:16,0
DA:19,0
DA:20,0
DA:21,0
DA:22,0
DA:24,0
DA:25,0
DA:26,0
DA:32,1
DA:34,1
DA:39,1
DA:41,1
DA:113,1
DA:114,1
LF:25
LH:13
BRDA:8,1,0,1
BRDA:8,1,1,1
BRDA:13,2,0,0
BRDA:13,2,1,0
BRDA:20,3,0,0
BRDA:20,3,1,0
BRF:6
BRH:2
end_of_record
TN:
SF:/Users/mypitit/Desktop/FAC7/wordpanda/handler.js
FN:6,handler
FNF:1
FNH:0
FNDA:0,handler
DA:1,1
DA:2,1
DA:3,1
DA:4,1
DA:6,1
DA:8,0
DA:10,0
DA:11,0
DA:12,0
DA:15,0
DA:16,0
DA:20,0
DA:22,0
DA:23,0
DA:27,0
DA:31,1
LF:16
LH:6
BRDA:10,1,0,0
BRDA:10,1,1,0
BRDA:15,2,0,0
BRDA:15,2,1,0
BRDA:20,3,0,0
BRDA:20,3,1,0
BRF:6
BRH:0
end_of_record
